<?xml version="1.0" encoding="UTF-8"?>
<!-- Generated by org.testng.reporters.JUnitXMLReporter -->
<testsuite ignored="0" hostname="DESKTOP-U4RAFQE" failures="0" tests="5" name="BroTest" time="52.841" errors="0" timestamp="2022-11-09T22:20:38 IST">
  <testcase classname="TestNgGrouping.CrossBrowserPractice" name="CrossBrowerTesting" time="45.995"/>
  <testcase classname="TestNgGrouping.CrossBrowserPractice" name="verifycurrenturl" time="0.01"/>
  <testcase classname="TestNgGrouping.CrossBrowserPractice" name="verifyUsernamefield" time="0.119"/>
  <testcase classname="TestNgGrouping.CrossBrowserPractice" name="verifyPasswordfield" time="0.086"/>
  <testcase classname="TestNgGrouping.CrossBrowserPractice" name="verifyLoginButon" time="6.554"/>
</testsuite> <!-- BroTest -->
