<?xml version="1.0" encoding="UTF-8"?>
<!-- Generated by org.testng.reporters.JUnitXMLReporter -->
<testsuite ignored="0" hostname="DESKTOP-U4RAFQE" failures="0" tests="5" name="BrowserTest" time="25.324" errors="0" timestamp="2022-11-09T22:20:11 IST">
  <testcase classname="TestNgGrouping.CrossBrowserPractice" name="CrossBrowerTesting" time="24.611"/>
  <testcase classname="TestNgGrouping.CrossBrowserPractice" name="verifycurrenturl" time="0.024"/>
  <testcase classname="TestNgGrouping.CrossBrowserPractice" name="verifyUsernamefield" time="0.285"/>
  <testcase classname="TestNgGrouping.CrossBrowserPractice" name="verifyPasswordfield" time="0.209"/>
  <testcase classname="TestNgGrouping.CrossBrowserPractice" name="verifyLoginButon" time="0.099"/>
</testsuite> <!-- BrowserTest -->
