<?xml version="1.0" encoding="UTF-8"?>
<!-- Generated by org.testng.reporters.JUnitXMLReporter -->
<testsuite ignored="0" hostname="DESKTOP-U4RAFQE" failures="0" tests="6" name="Test" time="0.098" errors="0" timestamp="2022-11-08T22:01:31 IST">
  <testcase classname="TestNgPractic.Demo3" name="m4" time="0.012"/>
  <testcase classname="TestNgPractic.Demo3" name="m5" time="0.002"/>
  <testcase classname="TestNgPractic.Demo3" name="m6" time="0.004"/>
  <testcase classname="TestNgPractic.Demo2" name="m1" time="0.001"/>
  <testcase classname="TestNgPractic.Demo2" name="m2" time="0.005"/>
  <testcase classname="TestNgPractic.Demo2" name="m3" time="0.001"/>
</testsuite> <!-- Test -->
