<?xml version="1.0" encoding="UTF-8"?>
<!-- Generated by org.testng.reporters.JUnitXMLReporter -->
<testsuite ignored="0" hostname="DESKTOP-U4RAFQE" failures="0" tests="11" name="FunctionalS" time="0.249" errors="0" timestamp="2022-10-03T19:17:50 IST">
  <testcase classname="TestNgPractice.BeforeMethod_And_AfterMethod" name="NotificationPage" time="0.028"/>
  <testcase classname="TestNgPractice.BeforeMethod_And_AfterMethod" name="ProfilePage" time="0.012"/>
  <testcase classname="TestNgPractice.BeforeTest_and_BeforeMethod" name="m4" time="0.003"/>
  <testcase classname="TestNgPractice.BeforeTest_and_BeforeMethod" name="m5" time="0.006"/>
  <testcase classname="TestNgPractice.BeforeTest_and_BeforeMethod" name="m6" time="0.003"/>
  <testcase classname="TestNgPractice.BeforeClass_And_AfterClass" name="HomePage" time="0.004"/>
  <testcase classname="TestNgPractice.BeforeClass_And_AfterClass" name="NotificationPage" time="0.005"/>
  <testcase classname="TestNgPractice.BeforeClass_And_AfterClass" name="ProfilePage" time="0.003"/>
  <testcase classname="TestNgPractice.BeforeTest_And_AfterTest" name="m1" time="0.004"/>
  <testcase classname="TestNgPractice.BeforeTest_And_AfterTest" name="m2" time="0.008"/>
  <testcase classname="TestNgPractice.BeforeTest_And_AfterTest" name="m3" time="0.007"/>
</testsuite> <!-- FunctionalS -->
