<?xml version="1.0" encoding="UTF-8"?>
<!-- Generated by org.testng.reporters.JUnitXMLReporter -->
<testsuite ignored="0" hostname="DESKTOP-U4RAFQE" failures="0" tests="6" name="BrTest" time="59.554" errors="0" timestamp="2022-11-09T16:39:03 IST">
  <testcase classname="AllBroserAssertandSoft.AllBrowsersExample" name="CrossBrowserTesting" time="52.568"/>
  <testcase classname="AllBroserAssertandSoft.AllBrowsersExample" name="VerifycurrentUrl" time="0.057"/>
  <testcase classname="AllBroserAssertandSoft.AllBrowsersExample" name="VerifyPageTitile" time="0.197"/>
  <testcase classname="AllBroserAssertandSoft.AllBrowsersExample" name="VerifyUserName" time="3.451"/>
  <testcase classname="AllBroserAssertandSoft.AllBrowsersExample" name="VerifyPassWordField" time="0.823"/>
  <testcase classname="AllBroserAssertandSoft.AllBrowsersExample" name="ClickLoginBtn" time="2.376"/>
</testsuite> <!-- BrTest -->
