<?xml version="1.0" encoding="UTF-8"?>
<!-- Generated by org.testng.reporters.JUnitXMLReporter -->
<testsuite ignored="6" hostname="DESKTOP-U4RAFQE" failures="0" tests="3" name="Regression" time="0.107" errors="0" timestamp="2022-10-04T18:15:57 IST">
  <testcase classname="TestNgGrouping.TestCase1" name="Test3" time="0.011"/>
  <testcase classname="TestNgGrouping.TestCase2" name="Test6" time="0.002"/>
  <testcase classname="TestNgGrouping.TestCase3" name="Test9" time="0.003"/>
  <testcase classname="TestNgGrouping.TestCase1" name="test1" time="0.0">
    <ignored/>
  </testcase> <!-- test1 -->
  <testcase classname="TestNgGrouping.TestCase1" name="test2" time="0.0">
    <ignored/>
  </testcase> <!-- test2 -->
  <testcase classname="TestNgGrouping.TestCase3" name="test8" time="0.0">
    <ignored/>
  </testcase> <!-- test8 -->
  <testcase classname="TestNgGrouping.TestCase3" name="test7" time="0.0">
    <ignored/>
  </testcase> <!-- test7 -->
  <testcase classname="TestNgGrouping.TestCase2" name="test5" time="0.0">
    <ignored/>
  </testcase> <!-- test5 -->
  <testcase classname="TestNgGrouping.TestCase2" name="test4" time="0.0">
    <ignored/>
  </testcase> <!-- test4 -->
</testsuite> <!-- Regression -->
