<?xml version="1.0" encoding="UTF-8"?>
<!-- Generated by org.testng.reporters.JUnitXMLReporter -->
<testsuite ignored="0" hostname="DESKTOP-U4RAFQE" failures="0" tests="9" name="EndtoEnd Test" time="0.191" errors="0" timestamp="2022-11-09T18:31:29 IST">
  <testcase classname="TestNgGrouping.TestCase1" name="Test3" time="0.015"/>
  <testcase classname="TestNgGrouping.TestCase1" name="test1" time="0.004"/>
  <testcase classname="TestNgGrouping.TestCase1" name="test2" time="0.005"/>
  <testcase classname="TestNgGrouping.TestCase2" name="Test6" time="0.004"/>
  <testcase classname="TestNgGrouping.TestCase2" name="test4" time="0.003"/>
  <testcase classname="TestNgGrouping.TestCase2" name="test5" time="0.001"/>
  <testcase classname="TestNgGrouping.TestCase3" name="Test9" time="0.003"/>
  <testcase classname="TestNgGrouping.TestCase3" name="test7" time="0.004"/>
  <testcase classname="TestNgGrouping.TestCase3" name="test8" time="0.003"/>
</testsuite> <!-- EndtoEnd Test -->
