<?xml version="1.0" encoding="UTF-8"?>
<testng-results ignored="0" total="1" passed="1" failed="0" skipped="0">
  <reporter-output>
  </reporter-output>
  <suite started-at="2022-11-11T18:07:51 IST" name="Default suite" finished-at="2022-11-11T18:08:16 IST" duration-ms="24778">
    <groups>
    </groups>
    <test started-at="2022-11-11T18:07:51 IST" name="Default test" finished-at="2022-11-11T18:08:16 IST" duration-ms="24778">
      <class name="PomWithPageFactory.RegistrationTest">
        <test-method is-config="true" signature="Setup()[pri:0, instance:PomWithPageFactory.RegistrationTest@3514a4c0]" started-at="2022-11-11T18:07:51 IST" name="Setup" finished-at="2022-11-11T18:08:08 IST" duration-ms="17244" status="PASS">
          <reporter-output>
          </reporter-output>
        </test-method> <!-- Setup -->
        <test-method signature="facebookRegistrationPagetest()[pri:0, instance:PomWithPageFactory.RegistrationTest@3514a4c0]" started-at="2022-11-11T18:08:08 IST" name="facebookRegistrationPagetest" finished-at="2022-11-11T18:08:16 IST" duration-ms="7404" status="PASS">
          <reporter-output>
          </reporter-output>
        </test-method> <!-- facebookRegistrationPagetest -->
        <test-method is-config="true" signature="teardown()[pri:0, instance:PomWithPageFactory.RegistrationTest@3514a4c0]" started-at="2022-11-11T18:08:16 IST" name="teardown" finished-at="2022-11-11T18:08:16 IST" duration-ms="1" status="PASS">
          <reporter-output>
          </reporter-output>
        </test-method> <!-- teardown -->
      </class> <!-- PomWithPageFactory.RegistrationTest -->
    </test> <!-- Default test -->
  </suite> <!-- Default suite -->
</testng-results>
