<?xml version="1.0" encoding="UTF-8"?>
<!-- Generated by org.testng.reporters.JUnitXMLReporter -->
<testsuite ignored="0" hostname="DESKTOP-U4RAFQE" failures="0" tests="3" name="Smoke" time="0.143" errors="0" timestamp="2022-10-04T16:26:00 IST">
  <testcase classname="TestNgGrouping.TestCase1" name="Test3" time="0.027"/>
  <testcase classname="TestNgGrouping.TestCase1" name="test1" time="0.004"/>
  <testcase classname="TestNgGrouping.TestCase1" name="test2" time="0.003"/>
</testsuite> <!-- Smoke -->
