<?xml version="1.0" encoding="UTF-8"?>
<!-- Generated by org.testng.reporters.JUnitXMLReporter -->
<testsuite ignored="0" hostname="DESKTOP-U4RAFQE" failures="0" tests="6" name="Functional" time="0.144" errors="0" timestamp="2022-10-03T19:21:52 IST">
  <testcase classname="TestNgPractice2.BeforeTest_And_AfterTest" name="m1" time="0.012"/>
  <testcase classname="TestNgPractice2.BeforeTest_And_AfterTest" name="m2" time="0.003"/>
  <testcase classname="TestNgPractice2.BeforeTest_And_AfterTest" name="m3" time="0.008"/>
  <testcase classname="TestNgPractice2.BeforeTest_and_BeforeMethod" name="m4" time="0.003"/>
  <testcase classname="TestNgPractice2.BeforeTest_and_BeforeMethod" name="m5" time="0.003"/>
  <testcase classname="TestNgPractice2.BeforeTest_and_BeforeMethod" name="m6" time="0.005"/>
</testsuite> <!-- Functional -->
