<?xml version="1.0" encoding="UTF-8"?>
<!-- Generated by org.testng.reporters.JUnitXMLReporter -->
<testsuite ignored="0" hostname="DESKTOP-U4RAFQE" failures="0" tests="6" name="FunctionalTest" time="0.109" errors="0" timestamp="2022-10-04T18:16:16 IST">
  <testcase classname="TestNgPractice2.BeforeTest_And_AfterTest" name="m1" time="0.016"/>
  <testcase classname="TestNgPractice2.BeforeTest_And_AfterTest" name="m2" time="0.002"/>
  <testcase classname="TestNgPractice2.BeforeTest_And_AfterTest" name="m3" time="0.003"/>
  <testcase classname="TestNgPractice2.BeforeTest_and_BeforeMethod" name="m4" time="0.002"/>
  <testcase classname="TestNgPractice2.BeforeTest_and_BeforeMethod" name="m5" time="0.004"/>
  <testcase classname="TestNgPractice2.BeforeTest_and_BeforeMethod" name="m6" time="0.003"/>
</testsuite> <!-- FunctionalTest -->
